2023-12-09T17:01:56.959Z [ERROR]: Este es un mensaje de error desde /loggerTest.
2023-12-09T17:01:57.019Z [ERROR]: Este es un mensaje fatal desde /loggerTest.
2023-12-09T17:06:27.321Z [ERROR]: Este es un mensaje de error desde /loggerTest.
2023-12-09T17:06:27.324Z [ERROR]: Este es un mensaje fatal desde /loggerTest.
2023-12-09T17:06:32.755Z [ERROR]: Este es un mensaje de error desde /loggerTest.
2023-12-09T17:06:32.758Z [ERROR]: Este es un mensaje fatal desde /loggerTest.
2023-12-09T17:06:34.687Z [ERROR]: Este es un mensaje de error desde /loggerTest.
2023-12-09T17:06:34.690Z [ERROR]: Este es un mensaje fatal desde /loggerTest.
2023-12-09T17:07:03.724Z [ERROR]: Este es un mensaje de error desde /loggerTest.
2023-12-09T17:07:03.728Z [ERROR]: Este es un mensaje fatal desde /loggerTest.
2023-12-09T17:07:09.307Z [ERROR]: Este es un mensaje de error desde /loggerTest.
2023-12-09T17:07:09.311Z [ERROR]: Este es un mensaje fatal desde /loggerTest.
2023-12-09T17:08:05.889Z [ERROR]: Este es un mensaje fatal desde /loggerTest.
2023-12-09T17:08:07.107Z [ERROR]: Este es un mensaje fatal desde /loggerTest.
2023-12-09T17:23:39.698Z [ERROR]: Este es un mensaje fatal desde /loggerTest.
2024-01-01T21:19:18.293Z [ERROR]: uncaughtException: Missing or invalid input: 'options.apis' is required and it should be an array.
Error: Missing or invalid input: 'options.apis' is required and it should be an array.
    at module.exports (C:\Users\diego\Desktop\Back\5toDesafioDiegoPorto\node_modules\swagger-jsdoc\src\lib.js:27:11)
    at file:///C:/Users/diego/Desktop/Back/5toDesafioDiegoPorto/src/index.js:52:20
    at ModuleJob.run (node:internal/modules/esm/module_job:194:25)
2024-01-01T21:19:18.301Z [ERROR]: uncaughtException: Missing or invalid input: 'options.apis' is required and it should be an array.
Error: Missing or invalid input: 'options.apis' is required and it should be an array.
    at module.exports (C:\Users\diego\Desktop\Back\5toDesafioDiegoPorto\node_modules\swagger-jsdoc\src\lib.js:27:11)
    at file:///C:/Users/diego/Desktop/Back/5toDesafioDiegoPorto/src/index.js:52:20
    at ModuleJob.run (node:internal/modules/esm/module_job:194:25)
2024-01-01T21:22:03.462Z [ERROR]: uncaughtException: Missing or invalid input: 'options.apis' is required and it should be an array.
Error: Missing or invalid input: 'options.apis' is required and it should be an array.
    at module.exports (C:\Users\diego\Desktop\Back\5toDesafioDiegoPorto\node_modules\swagger-jsdoc\src\lib.js:27:11)
    at file:///C:/Users/diego/Desktop/Back/5toDesafioDiegoPorto/src/index.js:52:20
    at ModuleJob.run (node:internal/modules/esm/module_job:194:25)
2024-01-01T21:22:03.470Z [ERROR]: uncaughtException: Missing or invalid input: 'options.apis' is required and it should be an array.
Error: Missing or invalid input: 'options.apis' is required and it should be an array.
    at module.exports (C:\Users\diego\Desktop\Back\5toDesafioDiegoPorto\node_modules\swagger-jsdoc\src\lib.js:27:11)
    at file:///C:/Users/diego/Desktop/Back/5toDesafioDiegoPorto/src/index.js:52:20
    at ModuleJob.run (node:internal/modules/esm/module_job:194:25)
2024-01-02T23:08:27.601Z [ERROR]: uncaughtException: listen EADDRINUSE: address already in use :::4000
Error: listen EADDRINUSE: address already in use :::4000
    at Server.setupListenHandle [as _listen2] (node:net:1740:16)
    at listenInCluster (node:net:1788:12)
    at Server.listen (node:net:1876:7)
    at Function.listen (C:\Users\diego\Desktop\Back\5toDesafioDiegoPorto\node_modules\express\lib\application.js:635:24)
    at file:///C:/Users/diego/Desktop/Back/5toDesafioDiegoPorto/src/index.js:28:27
    at ModuleJob.run (node:internal/modules/esm/module_job:194:25)
2024-01-02T23:08:27.610Z [ERROR]: uncaughtException: listen EADDRINUSE: address already in use :::4000
Error: listen EADDRINUSE: address already in use :::4000
    at Server.setupListenHandle [as _listen2] (node:net:1740:16)
    at listenInCluster (node:net:1788:12)
    at Server.listen (node:net:1876:7)
    at Function.listen (C:\Users\diego\Desktop\Back\5toDesafioDiegoPorto\node_modules\express\lib\application.js:635:24)
    at file:///C:/Users/diego/Desktop/Back/5toDesafioDiegoPorto/src/index.js:28:27
    at ModuleJob.run (node:internal/modules/esm/module_job:194:25)
2024-01-20T19:19:40.760Z [ERROR]: uncaughtException: Cannot access 'isAdmin' before initialization
ReferenceError: Cannot access 'isAdmin' before initialization
    at file:///C:/Users/diego/Desktop/Back/5toDesafioDiegoPorto/src/index.js:74:25
    at ModuleJob.run (node:internal/modules/esm/module_job:194:25)
2024-01-20T19:19:40.753Z [ERROR]: uncaughtException: Cannot access 'isAdmin' before initialization
ReferenceError: Cannot access 'isAdmin' before initialization
    at file:///C:/Users/diego/Desktop/Back/5toDesafioDiegoPorto/src/index.js:74:25
    at ModuleJob.run (node:internal/modules/esm/module_job:194:25)
2024-01-20T19:20:01.559Z [ERROR]: uncaughtException: Cannot access 'isAdmin' before initialization
ReferenceError: Cannot access 'isAdmin' before initialization
    at file:///C:/Users/diego/Desktop/Back/5toDesafioDiegoPorto/src/index.js:74:25
    at ModuleJob.run (node:internal/modules/esm/module_job:194:25)
2024-01-20T19:20:01.566Z [ERROR]: uncaughtException: Cannot access 'isAdmin' before initialization
ReferenceError: Cannot access 'isAdmin' before initialization
    at file:///C:/Users/diego/Desktop/Back/5toDesafioDiegoPorto/src/index.js:74:25
    at ModuleJob.run (node:internal/modules/esm/module_job:194:25)
2024-01-22T16:06:08.506Z [ERROR]: Este es un mensaje fatal desde /loggerTest.
2024-01-22T20:19:07.675Z [ERROR]: uncaughtException: initializePassport is not defined
ReferenceError: initializePassport is not defined
    at file:///C:/Users/diego/Desktop/Back/5toDesafioDiegoPorto/src/index.js:74:1
    at ModuleJob.run (node:internal/modules/esm/module_job:194:25)
2024-01-22T20:21:37.849Z [ERROR]: uncaughtException: initializePassport is not defined
ReferenceError: initializePassport is not defined
    at file:///C:/Users/diego/Desktop/Back/5toDesafioDiegoPorto/src/index.js:74:1
    at ModuleJob.run (node:internal/modules/esm/module_job:194:25)
2024-01-22T20:21:37.855Z [ERROR]: uncaughtException: initializePassport is not defined
ReferenceError: initializePassport is not defined
    at file:///C:/Users/diego/Desktop/Back/5toDesafioDiegoPorto/src/index.js:74:1
    at ModuleJob.run (node:internal/modules/esm/module_job:194:25)
2024-01-22T20:21:48.072Z [ERROR]: uncaughtException: initializePassport is not defined
ReferenceError: initializePassport is not defined
    at file:///C:/Users/diego/Desktop/Back/5toDesafioDiegoPorto/src/index.js:74:1
    at ModuleJob.run (node:internal/modules/esm/module_job:194:25)
2024-01-22T20:21:48.065Z [ERROR]: uncaughtException: initializePassport is not defined
ReferenceError: initializePassport is not defined
    at file:///C:/Users/diego/Desktop/Back/5toDesafioDiegoPorto/src/index.js:74:1
    at ModuleJob.run (node:internal/modules/esm/module_job:194:25)
2024-01-22T20:26:38.755Z [ERROR]: uncaughtException: initializePassport is not defined
ReferenceError: initializePassport is not defined
    at file:///C:/Users/diego/Desktop/Back/5toDesafioDiegoPorto/src/index.js:74:1
    at ModuleJob.run (node:internal/modules/esm/module_job:194:25)
2024-01-22T20:26:38.762Z [ERROR]: uncaughtException: initializePassport is not defined
ReferenceError: initializePassport is not defined
    at file:///C:/Users/diego/Desktop/Back/5toDesafioDiegoPorto/src/index.js:74:1
    at ModuleJob.run (node:internal/modules/esm/module_job:194:25)
2024-01-22T20:30:48.737Z [ERROR]: uncaughtException: JwtStrategy requires a secret or key
TypeError: JwtStrategy requires a secret or key
    at new JwtStrategy (C:\Users\diego\Desktop\Back\5toDesafioDiegoPorto\node_modules\passport-jwt\lib\strategy.js:45:15)
    at initializePassport (file:///C:/Users/diego/Desktop/Back/5toDesafioDiegoPorto/src/config/passport.js:28:25)
    at file:///C:/Users/diego/Desktop/Back/5toDesafioDiegoPorto/src/index.js:75:1
    at ModuleJob.run (node:internal/modules/esm/module_job:194:25)
2024-01-22T20:30:48.747Z [ERROR]: uncaughtException: JwtStrategy requires a secret or key
TypeError: JwtStrategy requires a secret or key
    at new JwtStrategy (C:\Users\diego\Desktop\Back\5toDesafioDiegoPorto\node_modules\passport-jwt\lib\strategy.js:45:15)
    at initializePassport (file:///C:/Users/diego/Desktop/Back/5toDesafioDiegoPorto/src/config/passport.js:28:25)
    at file:///C:/Users/diego/Desktop/Back/5toDesafioDiegoPorto/src/index.js:75:1
    at ModuleJob.run (node:internal/modules/esm/module_job:194:25)
2024-01-22T20:31:54.959Z [ERROR]: uncaughtException: OAuth2Strategy requires a clientID option
TypeError: OAuth2Strategy requires a clientID option
    at Strategy.OAuth2Strategy (C:\Users\diego\Desktop\Back\5toDesafioDiegoPorto\node_modules\passport-oauth2\lib\strategy.js:87:34)
    at new Strategy (C:\Users\diego\Desktop\Back\5toDesafioDiegoPorto\node_modules\passport-github2\lib\strategy.js:62:18)
    at initializePassport (file:///C:/Users/diego/Desktop/Back/5toDesafioDiegoPorto/src/config/passport.js:81:28)
    at file:///C:/Users/diego/Desktop/Back/5toDesafioDiegoPorto/src/index.js:75:1
    at ModuleJob.run (node:internal/modules/esm/module_job:194:25)
2024-01-22T20:31:54.969Z [ERROR]: uncaughtException: OAuth2Strategy requires a clientID option
TypeError: OAuth2Strategy requires a clientID option
    at Strategy.OAuth2Strategy (C:\Users\diego\Desktop\Back\5toDesafioDiegoPorto\node_modules\passport-oauth2\lib\strategy.js:87:34)
    at new Strategy (C:\Users\diego\Desktop\Back\5toDesafioDiegoPorto\node_modules\passport-github2\lib\strategy.js:62:18)
    at initializePassport (file:///C:/Users/diego/Desktop/Back/5toDesafioDiegoPorto/src/config/passport.js:81:28)
    at file:///C:/Users/diego/Desktop/Back/5toDesafioDiegoPorto/src/index.js:75:1
    at ModuleJob.run (node:internal/modules/esm/module_job:194:25)
